<?xml version="1.0" encoding="UTF-8"?>
<!-- Generated by org.testng.reporters.JUnitReportReporter -->
<testsuite hostname="DESKTOP-6GC9FGE" failures="0" tests="1" name="LogoutGID.LogoutAID.NewTestLO" time="17.631" errors="0" timestamp="2019-12-12T06:24:24 EST" skipped="0">
  <testcase classname="LogoutGID.LogoutAID.NewTestLO" name="MainHMR_TC_00007" time="17.631"/>
</testsuite> <!-- LogoutGID.LogoutAID.NewTestLO -->
